<?xml version="1.0" encoding="UTF-8" standalone="no"?><testsuite errors="1" failures="0" name="Test Lowblaws website" skipped="0" tests="1" time="50.16" timestamp="2023-04-13 07:40:31"><testcase name="To test Register functionality"><error message="element click intercepted: Element &lt;label class=&quot;checkbox-group__icon&quot; for=&quot;termsAndConditions&quot;&gt;&lt;/label&gt; is not clickable at point (440, 230). Other element would receive the click: &lt;input aria-label=&quot;I agree to the Privacy Policy and Loblaws form.createAccount.terms.&quot; aria-labelledby=&quot;termsAndConditions__label&quot; aria-disabled=&quot;false&quot; name=&quot;termsAndConditions&quot; id=&quot;termsAndConditions&quot; required=&quot;&quot; type=&quot;checkbox&quot; class=&quot;checkbox-group__input&quot; aria-checked=&quot;false&quot; value=&quot;false&quot;&gt;&#10;  (Session info: chrome=112.0.5615.87)&#10;Build info: version: '4.8.1', revision: '8ebccac989'&#10;System info: os.name: 'Windows 10', os.arch: 'amd64', os.version: '10.0', java.version: '17.0.6'&#10;Driver info: org.openqa.selenium.chrome.ChromeDriver&#10;Command: [26aac7f5a75b24ffbf28da14119a5a87, clickElement {id=f94c616e-27f6-48c2-8114-8c3a062a9ebc}]&#10;Capabilities {acceptInsecureCerts: true, browserName: chrome, browserVersion: 112.0.5615.87, chrome: {chromedriverVersion: 111.0.5563.64 (c710e93d5b63..., userDataDir: C:\Users\Swati\AppData\Loca...}, goog:chromeOptions: {debuggerAddress: localhost:49905}, networkConnectionEnabled: false, pageLoadStrategy: normal, platformName: WINDOWS, proxy: Proxy(), se:cdp: ws://localhost:49905/devtoo..., se:cdpVersion: 112.0.5615.87, setWindowRect: true, strictFileInteractability: false, timeouts: {implicit: 0, pageLoad: 300000, script: 30000}, unhandledPromptBehavior: dismiss and notify, webauthn:extension:credBlob: true, webauthn:extension:largeBlob: true, webauthn:extension:minPinLength: true, webauthn:extension:prf: true, webauthn:virtualAuthenticators: true}&#10;Element: [[ChromeDriver: chrome on WINDOWS (26aac7f5a75b24ffbf28da14119a5a87)] -&gt; css selector: label[for='termsAndConditions']]&#10;Session ID: 26aac7f5a75b24ffbf28da14119a5a87&#10;Build info: version: '4.8.1', revision: '8ebccac989'&#10;System info: os.name: 'Windows 10', os.arch: 'amd64', os.version: '10.0', java.version: '17.0.6'&#10;Driver info: driver.version: unknown" type="org.openqa.selenium.ElementClickInterceptedException">element click intercepted: Element &lt;label class="checkbox-group__icon" for="termsAndConditions"&gt;&lt;/label&gt; is not clickable at point (440, 230). Other element would receive the click: &lt;input aria-label="I agree to the Privacy Policy and Loblaws form.createAccount.terms." aria-labelledby="termsAndConditions__label" aria-disabled="false" name="termsAndConditions" id="termsAndConditions" required="" type="checkbox" class="checkbox-group__input" aria-checked="false" value="false"&gt;
  (Session info: chrome=112.0.5615.87)
Build info: version: '4.8.1', revision: '8ebccac989'
System info: os.name: 'Windows 10', os.arch: 'amd64', os.version: '10.0', java.version: '17.0.6'
Driver info: org.openqa.selenium.chrome.ChromeDriver
Command: [26aac7f5a75b24ffbf28da14119a5a87, clickElement {id=f94c616e-27f6-48c2-8114-8c3a062a9ebc}]
Capabilities {acceptInsecureCerts: true, browserName: chrome, browserVersion: 112.0.5615.87, chrome: {chromedriverVersion: 111.0.5563.64 (c710e93d5b63..., userDataDir: C:\Users\Swati\AppData\Loca...}, goog:chromeOptions: {debuggerAddress: localhost:49905}, networkConnectionEnabled: false, pageLoadStrategy: normal, platformName: WINDOWS, proxy: Proxy(), se:cdp: ws://localhost:49905/devtoo..., se:cdpVersion: 112.0.5615.87, setWindowRect: true, strictFileInteractability: false, timeouts: {implicit: 0, pageLoad: 300000, script: 30000}, unhandledPromptBehavior: dismiss and notify, webauthn:extension:credBlob: true, webauthn:extension:largeBlob: true, webauthn:extension:minPinLength: true, webauthn:extension:prf: true, webauthn:virtualAuthenticators: true}
Element: [[ChromeDriver: chrome on WINDOWS (26aac7f5a75b24ffbf28da14119a5a87)] -&gt; css selector: label[for='termsAndConditions']]
Session ID: 26aac7f5a75b24ffbf28da14119a5a87
Build info: version: '4.8.1', revision: '8ebccac989'
System info: os.name: 'Windows 10', os.arch: 'amd64', os.version: '10.0', java.version: '17.0.6'
Driver info: driver.version: unknown</error><system-err>element click intercepted: Element &lt;label class="checkbox-group__icon" for="termsAndConditions"&gt;&lt;/label&gt; is not clickable at point (440, 230). Other element would receive the click: &lt;input aria-label="I agree to the Privacy Policy and Loblaws form.createAccount.terms." aria-labelledby="termsAndConditions__label" aria-disabled="false" name="termsAndConditions" id="termsAndConditions" required="" type="checkbox" class="checkbox-group__input" aria-checked="false" value="false"&gt;
  (Session info: chrome=112.0.5615.87)
Build info: version: '4.8.1', revision: '8ebccac989'
System info: os.name: 'Windows 10', os.arch: 'amd64', os.version: '10.0', java.version: '17.0.6'
Driver info: org.openqa.selenium.chrome.ChromeDriver
Command: [26aac7f5a75b24ffbf28da14119a5a87, clickElement {id=f94c616e-27f6-48c2-8114-8c3a062a9ebc}]
Capabilities {acceptInsecureCerts: true, browserName: chrome, browserVersion: 112.0.5615.87, chrome: {chromedriverVersion: 111.0.5563.64 (c710e93d5b63..., userDataDir: C:\Users\Swati\AppData\Loca...}, goog:chromeOptions: {debuggerAddress: localhost:49905}, networkConnectionEnabled: false, pageLoadStrategy: normal, platformName: WINDOWS, proxy: Proxy(), se:cdp: ws://localhost:49905/devtoo..., se:cdpVersion: 112.0.5615.87, setWindowRect: true, strictFileInteractability: false, timeouts: {implicit: 0, pageLoad: 300000, script: 30000}, unhandledPromptBehavior: dismiss and notify, webauthn:extension:credBlob: true, webauthn:extension:largeBlob: true, webauthn:extension:minPinLength: true, webauthn:extension:prf: true, webauthn:virtualAuthenticators: true}
Element: [[ChromeDriver: chrome on WINDOWS (26aac7f5a75b24ffbf28da14119a5a87)] -&gt; css selector: label[for='termsAndConditions']]
Session ID: 26aac7f5a75b24ffbf28da14119a5a87
Build info: version: '4.8.1', revision: '8ebccac989'
System info: os.name: 'Windows 10', os.arch: 'amd64', os.version: '10.0', java.version: '17.0.6'
Driver info: driver.version: unknown&#13;
pages.RegisterPage.clickAgreeCheckbox(RegisterPage.java:43)&#13;
stepdefinitions.RegisterSteps.user_clicks_on_agree_checkbox_and_creates_pc_id(RegisterSteps.java:69)&#13;
✽.user clicks on Agree checkbox and creates PC id(file:///C:/Users/Swati/eclipse-workspace/Automation/SeleniumAutomation/src/test/resources/features/Register.feature:11)&#13;
</system-err></testcase></testsuite>